Thu Apr 20 21:46:10 CST 2017  [debug] AvalonLogSystem initialized using logfile 'G:\workspace\MyEclipse 10\.metadata\.plugins\com.genuitec.eclipse.templates\velocity.log'
Thu Apr 20 21:46:10 CST 2017   [info] ************************************************************** 
Thu Apr 20 21:46:10 CST 2017   [info] Starting Jakarta Velocity v1.4
Thu Apr 20 21:46:10 CST 2017   [info] RuntimeInstance initializing.
Thu Apr 20 21:46:10 CST 2017   [info] Default Properties File: org\apache\velocity\runtime\defaults\velocity.properties
Thu Apr 20 21:46:10 CST 2017   [info] Trying to use logger class org.apache.velocity.runtime.log.AvalonLogSystem
Thu Apr 20 21:46:10 CST 2017   [info] Using logger class org.apache.velocity.runtime.log.AvalonLogSystem
Thu Apr 20 21:46:10 CST 2017   [info] Default ResourceManager initializing. (class org.apache.velocity.runtime.resource.ResourceManagerImpl)
Thu Apr 20 21:46:10 CST 2017   [info] Resource Loader Instantiated: com.genuitec.eclipse.templates.internal.PluginResourceLoader
Thu Apr 20 21:46:10 CST 2017   [info] ResourceCache : initialized. (class org.apache.velocity.runtime.resource.ResourceCacheImpl)
Thu Apr 20 21:46:10 CST 2017   [info] Default ResourceManager initialization complete.
Thu Apr 20 21:46:10 CST 2017   [info] Loaded System Directive: org.apache.velocity.runtime.directive.Literal
Thu Apr 20 21:46:10 CST 2017   [info] Loaded System Directive: org.apache.velocity.runtime.directive.Macro
Thu Apr 20 21:46:10 CST 2017   [info] Loaded System Directive: org.apache.velocity.runtime.directive.Parse
Thu Apr 20 21:46:10 CST 2017   [info] Loaded System Directive: org.apache.velocity.runtime.directive.Include
Thu Apr 20 21:46:10 CST 2017   [info] Loaded System Directive: org.apache.velocity.runtime.directive.Foreach
Thu Apr 20 21:46:10 CST 2017   [info] Created: 20 parsers.
Thu Apr 20 21:46:10 CST 2017   [info] Velocimacro : initialization starting.
Thu Apr 20 21:46:10 CST 2017   [info] Velocimacro : adding VMs from VM library template : VM_global_library.vm
Thu Apr 20 21:46:10 CST 2017  [error] ResourceManager : unable to find resource 'VM_global_library.vm' in any resource loader.
Thu Apr 20 21:46:10 CST 2017   [info] Velocimacro : error using  VM library template VM_global_library.vm : org.apache.velocity.exception.ResourceNotFoundException: Unable to find resource 'VM_global_library.vm'
Thu Apr 20 21:46:10 CST 2017   [info] Velocimacro :  VM library template macro registration complete.
Thu Apr 20 21:46:10 CST 2017   [info] Velocimacro : allowInline = true : VMs can be defined inline in templates
Thu Apr 20 21:46:10 CST 2017   [info] Velocimacro : allowInlineToOverride = true : VMs defined inline may replace previous VM definitions
Thu Apr 20 21:46:10 CST 2017   [info] Velocimacro : allowInlineLocal = true : VMs defined inline will be local to their defining template only.
Thu Apr 20 21:46:10 CST 2017   [info] Velocimacro : messages on  : VM system will output logging messages
Thu Apr 20 21:46:10 CST 2017   [info] Velocimacro : autoload off  : VM system will not automatically reload global library macros
Thu Apr 20 21:46:10 CST 2017   [info] Velocimacro : initialization complete.
Thu Apr 20 21:46:10 CST 2017   [info] Velocity successfully started.
Thu Apr 20 21:46:10 CST 2017   [info] ResourceManager : found templates/web.xml.vm with loader com.genuitec.eclipse.templates.internal.PluginResourceLoader
Thu Apr 20 21:46:11 CST 2017   [info] ResourceManager : found /templates/velocity/welcome/Jsp.vtl with loader com.genuitec.eclipse.templates.internal.PluginResourceLoader
Thu Apr 20 22:10:06 CST 2017   [info] ResourceManager : found templates/web.xml.vm with loader com.genuitec.eclipse.templates.internal.PluginResourceLoader
Thu Apr 20 22:20:32 CST 2017   [info] ResourceManager : found templates/web.xml.vm with loader com.genuitec.eclipse.templates.internal.PluginResourceLoader
Thu Apr 20 22:20:32 CST 2017   [info] ResourceManager : found /templates/velocity/welcome/Jsp.vtl with loader com.genuitec.eclipse.templates.internal.PluginResourceLoader
